<?xml version="1.0" encoding="UTF-8"?>
<testsuite name="com.example.sspr.SsprApplicationTests" tests="3" skipped="0" failures="0" errors="0" timestamp="2022-11-15T20:14:58" hostname="LAPTOP-SN533ICB" time="0.035">
  <properties/>
  <testcase name="test()" classname="com.example.sspr.SsprApplicationTests" time="0.029"/>
  <testcase name="test2()" classname="com.example.sspr.SsprApplicationTests" time="0.001"/>
  <testcase name="test3()" classname="com.example.sspr.SsprApplicationTests" time="0.001"/>
  <system-out><![CDATA[]]></system-out>
  <system-err><![CDATA[]]></system-err>
</testsuite>
